               J                        
               a                       J
               s       J       R       o
               o       i       o       h
               n       m       b       n
----------------------------------------
       1       4       6       3       2
       2       3       5       4       4
       3       4       4       4       4
       4       4       4       4       4
       5       4       4       4       4
       6       4       4       4       4
       7       4       4       4       4
       8       4       4       4       4
       9       4       4       4       4
      10       4       4       4       4
      11       4       4       4       4
      12       4       4       4       4
      13       4       4       4       4
      14       4       4       4       4
      15       4       4       4       4
      16       4       4       4       4
      17       4       4       4       4
      18       5       6       4       8
----------------------------------------
   Total      72      77      71      74
