---
|X|
---
---
| |
---
---
| |
|X|
---
----
| X|
----
----
| X|
| X|
----
-----
|XXX|
|   |
-----
---------------------
|  XXXXXXXXXXXXXXXXX|
|  XXXXXXXXXXXXXXXXX|
|XXXXXXXXXXXXXXXXXXX|
|XXXXXXXXXXXXXXXXXXX|
|XXXXXXXXXXXXXXXXXXX|
|XXXXXXXXXXXXXXX    |
|XXXXXXXXXXXXXXX    |
|XXXXXXXXXXXXXXX    |
|XXXXXXXXXXXXXXX    |
---------------------
------------------------------
|             XXX            |
|           XX   XX          |
|         X         X        |
|      XX             XX     |
|     X                 X    |
|   XX      XX   XX      XX  |
|  X        XX   XX        X |
|  X                       X |
|   XX                   XX  |
|     X    XX     XX    X    |
|      XX    XXXXX    XX     |
|         X         X        |
|           XX   XX          |
|             XXX            |
------------------------------
-------------------------------
|                             |
|   XXX                       |
|  XXXXX                      |
|   XXX                       |
|                             |
|                             |
|              XXX            |
|             XXXXX  XX       |
|           XXXXXXXXXXX       |
|          XXXXXXXXXXXX       |
|         XXXXXXXXXXXXXX      |
|        XXXXXXXXXXXXXXXX     |
|       XXXXXXXXXXXXXXXXXX    |
|      X XXXXXXXXXXXXXXXX X   |
|        XXXXXXXXXX   XXX     |
|        XXXXXXXXXX   XXX     |
|        XX   XXXXX   XXX     |
|        XX   XXXXXXXXXXX     |
|        XX   XXXXXXXXXXX     |
|XXXXXXXXXXXXXXXXXXXXXXXXXXXXX|
-------------------------------
--------------------------------
|XXXXX     XXXX    XXX   XX  X |
|XXXXX     XXXX    XXX   XX  X |
|XXXXX     XXXX    XXX   XX  X |
|XXXXX     XXXX    XXX   XX  X |
|XXXXX     XXXX    XXX   XX  X |
|     XXXXX    XXXX   XXX  XX X|
|     XXXXX    XXXX   XXX  XX X|
|     XXXXX    XXXX   XXX  XX X|
|     XXXXX    XXXX   XXX  XX X|
|XXXXX     XXXX    XXX   XX  X |
|XXXXX     XXXX    XXX   XX  X |
|XXXXX     XXXX    XXX   XX  X |
|     XXXXX    XXXX   XXX  XX X|
|     XXXXX    XXXX   XXX  XX X|
|XXXXX     XXXX    XXX   XX  X |
--------------------------------
-------------------------------------------------
|        XX              XXXXXX      XX      XX |
|      XX  XX          XX      XX    XXX    XXX |
|     XX    XX       XX              XX X  X XX |
|   XXXXXXXXXXXX     XX              XX  XX  XX |
|  XX          XX      XX      XX    XX      XX |
| XX            XX       XXXXXX      XX      XX |
-------------------------------------------------
